0 info it worked if it ends with ok
1 verbose cli [ 'C:\\Program Files\\nodejs\\\\node.exe',
1 verbose cli   'C:\\Program Files\\nodejs\\node_modules\\npm\\bin\\npm-cli.js',
1 verbose cli   'install',
1 verbose cli   '-g',
1 verbose cli   'gulp' ]
2 info using npm@2.11.2
3 info using node@v0.12.5
4 verbose install initial load of C:\Users\crossl\AppData\Roaming\npm\package.json
5 verbose readDependencies loading dependencies from C:\Users\crossl\AppData\Roaming\npm\package.json
6 silly cache add args [ 'gulp', null ]
7 verbose cache add spec gulp
8 silly cache add parsed spec { raw: 'gulp',
8 silly cache add   scope: null,
8 silly cache add   name: 'gulp',
8 silly cache add   rawSpec: '',
8 silly cache add   spec: '*',
8 silly cache add   type: 'range' }
9 silly addNamed gulp@*
10 verbose addNamed "*" is a valid semver range for gulp
11 silly addNameRange { name: 'gulp', range: '*', hasData: false }
12 silly mapToRegistry name gulp
13 silly mapToRegistry using default registry
14 silly mapToRegistry registry https://registry.npmjs.org/
15 silly mapToRegistry uri https://registry.npmjs.org/gulp
16 verbose addNameRange registry:https://registry.npmjs.org/gulp not in flight; fetching
17 verbose request uri https://registry.npmjs.org/gulp
18 verbose request no auth needed
19 info attempt registry request try #1 at 9:10:39 AM
20 verbose request id 84338a434a36ab58
21 http request GET https://registry.npmjs.org/gulp
22 info retry will retry, error on last attempt: Error: connect ECONNREFUSED
23 info attempt registry request try #2 at 9:10:50 AM
24 http request GET https://registry.npmjs.org/gulp
25 info retry will retry, error on last attempt: Error: connect ECONNREFUSED
26 info attempt registry request try #3 at 9:11:51 AM
27 http request GET https://registry.npmjs.org/gulp
28 verbose stack Error: connect ECONNREFUSED
28 verbose stack     at exports._errnoException (util.js:746:11)
28 verbose stack     at TCPConnectWrap.afterConnect [as oncomplete] (net.js:1010:19)
29 verbose cwd c:\source\sysdev\pass\src\web
30 error Windows_NT 6.1.7601
31 error argv "C:\\Program Files\\nodejs\\\\node.exe" "C:\\Program Files\\nodejs\\node_modules\\npm\\bin\\npm-cli.js" "install" "-g" "gulp"
32 error node v0.12.5
33 error npm  v2.11.2
34 error code ECONNREFUSED
35 error errno ECONNREFUSED
36 error syscall connect
37 error Error: connect ECONNREFUSED
37 error     at exports._errnoException (util.js:746:11)
37 error     at TCPConnectWrap.afterConnect [as oncomplete] (net.js:1010:19)
37 error  { [Error: connect ECONNREFUSED]
37 error   code: 'ECONNREFUSED',
37 error   errno: 'ECONNREFUSED',
37 error   syscall: 'connect' }
38 error If you are behind a proxy, please make sure that the
38 error 'proxy' config is set properly.  See: 'npm help config'
39 verbose exit [ 1, true ]
